<?xml version="1.0" encoding="UTF-8"?>
<!-- Generated by org.testng.reporters.JUnitXMLReporter -->
<testsuite ignored="16" hostname="IN-5FXY9K3" failures="0" tests="5" name="API Test" time="11.013" errors="0" timestamp="12 Sep 2023 13:44:49 GMT">
  <testcase classname="TestCases.Generate_Token_TC" name="create_token" time="3.669"/>
  <testcase classname="TestCases.Booking_Creation_TC" name="create_booking" time="2.034"/>
  <testcase classname="TestCases.Booking_GetRequest_TC" name="get_booking" time="1.657"/>
  <testcase classname="TestCases.Booking_Updation_TC" name="update_booking" time="1.567"/>
  <testcase classname="TestCases.Booking_Deletion_TC" name="delete_booking" time="1.491"/>
  <testcase classname="com.Booker.Setup.BaseSetup" name="@BeforeSuite setup" time="0.0">
    <ignored/>
  </testcase> <!-- @BeforeSuite setup -->
  <testcase classname="com.Booker.Setup.BaseSetup" name="@BeforeSuite setup" time="0.0">
    <ignored/>
  </testcase> <!-- @BeforeSuite setup -->
  <testcase classname="com.Booker.Setup.BaseSetup" name="@BeforeSuite setup" time="0.0">
    <ignored/>
  </testcase> <!-- @BeforeSuite setup -->
  <testcase classname="com.Booker.Setup.BaseSetup" name="@BeforeSuite setup" time="0.0">
    <ignored/>
  </testcase> <!-- @BeforeSuite setup -->
  <testcase classname="com.Booker.Setup.BaseSetup" name="@BeforeTest beforeTest" time="0.0">
    <ignored/>
  </testcase> <!-- @BeforeTest beforeTest -->
  <testcase classname="com.Booker.Setup.BaseSetup" name="@BeforeTest beforeTest" time="0.0">
    <ignored/>
  </testcase> <!-- @BeforeTest beforeTest -->
  <testcase classname="com.Booker.Setup.BaseSetup" name="@BeforeTest beforeTest" time="0.0">
    <ignored/>
  </testcase> <!-- @BeforeTest beforeTest -->
  <testcase classname="com.Booker.Setup.BaseSetup" name="@BeforeTest beforeTest" time="0.0">
    <ignored/>
  </testcase> <!-- @BeforeTest beforeTest -->
  <testcase classname="com.Booker.Setup.BaseSetup" name="@AfterSuite afterSuite" time="0.0">
    <ignored/>
  </testcase> <!-- @AfterSuite afterSuite -->
  <testcase classname="com.Booker.Setup.BaseSetup" name="@AfterSuite afterSuite" time="0.0">
    <ignored/>
  </testcase> <!-- @AfterSuite afterSuite -->
  <testcase classname="com.Booker.Setup.BaseSetup" name="@AfterSuite afterSuite" time="0.0">
    <ignored/>
  </testcase> <!-- @AfterSuite afterSuite -->
  <testcase classname="com.Booker.Setup.BaseSetup" name="@AfterSuite afterSuite" time="0.0">
    <ignored/>
  </testcase> <!-- @AfterSuite afterSuite -->
  <testcase classname="com.Booker.Setup.RestAssuredSetup" name="@BeforeSuite configure" time="0.0">
    <ignored/>
  </testcase> <!-- @BeforeSuite configure -->
  <testcase classname="com.Booker.Setup.RestAssuredSetup" name="@BeforeSuite configure" time="0.0">
    <ignored/>
  </testcase> <!-- @BeforeSuite configure -->
  <testcase classname="com.Booker.Setup.RestAssuredSetup" name="@BeforeSuite configure" time="0.0">
    <ignored/>
  </testcase> <!-- @BeforeSuite configure -->
  <testcase classname="com.Booker.Setup.RestAssuredSetup" name="@BeforeSuite configure" time="0.0">
    <ignored/>
  </testcase> <!-- @BeforeSuite configure -->
</testsuite> <!-- API Test -->
